<?xml version="1.0" encoding="UTF-8"?>
<testsuite xmlns:xsi="http://www.w3.org/2001/XMLSchema-instance" xsi:noNamespaceSchemaLocation="https://maven.apache.org/surefire/maven-surefire-plugin/xsd/surefire-test-report-3.0.xsd" version="3.0" name="Cucumber.Options.TestRunner_Junit" time="10.652" tests="4" errors="0" skipped="0" failures="0">
  <properties>
[...]
</properties>
  <testcase name="Verify if Place is being Succesfully added using AddPlaceAPI or not #1" classname="Validating Place APIs" time="4.792">
    <system-out><![CDATA[-----------------------------------------------
maps/api/place/add/json
Request method:	POST
Request URI:	https://rahulshettyacademy.com/maps/api/place/add/json?key=qaclick123
Proxy:			<none>
Request params:	<none>
Query params:	key=qaclick123
Form params:	<none>
Path params:	<none>
Headers:		Accept=*/*
				Content-Type=application/json
Cookies:		<none>
Multiparts:		<none>
Body:
{
    "location": {
        "lat": -38.383494,
        "lng": 33.427362
    },
    "accuracy": 50,
    "name": "Prabhakar",
    "phone_number": "(+91) 983 893 3937",
    "address": "Kalluru",
    "types": null,
    "website": "http: //google.com",
    "language": "English"
}
HTTP/1.1 200 OK
Date: Wed, 18 Sep 2024 13:28:14 GMT
Server: Apache/2.4.52 (Ubuntu)
Access-Control-Allow-Origin: *
Access-Control-Allow-Methods: POST
Access-Control-Max-Age: 3600
Access-Control-Allow-Headers: Content-Type, Access-Control-Allow-Headers, Authorization, X-Requested-With
Content-Length: 194
Keep-Alive: timeout=5, max=100
Connection: Keep-Alive
Content-Type: application/json;charset=UTF-8

{
    "status": "OK",
    "place_id": "db8a89e9f197bed6dad11f462a0eafb3",
    "scope": "APP",
    "reference": "b55b52f24b704dcf126323ffca569090b55b52f24b704dcf126323ffca569090",
    "id": "b55b52f24b704dcf126323ffca569090"
}
-----------------------------------------------
maps/api/place/get/json
Request method:	GET
Request URI:	https://rahulshettyacademy.com/maps/api/place/get/json?key=qaclick123&place_id=db8a89e9f197bed6dad11f462a0eafb3
Proxy:			<none>
Request params:	<none>
Query params:	key=qaclick123
				place_id=db8a89e9f197bed6dad11f462a0eafb3
Form params:	<none>
Path params:	<none>
Headers:		Accept=*/*
				Content-Type=application/json
Cookies:		<none>
Multiparts:		<none>
Body:			<none>
HTTP/1.1 200 OK
Date: Wed, 18 Sep 2024 13:28:15 GMT
Server: Apache/2.4.52 (Ubuntu)
Access-Control-Allow-Origin: *
Access-Control-Allow-Methods: POST
Access-Control-Max-Age: 3600
Access-Control-Allow-Headers: Content-Type, Access-Control-Allow-Headers, Authorization, X-Requested-With
Content-Length: 218
Keep-Alive: timeout=5, max=100
Connection: Keep-Alive
Content-Type: application/json;charset=UTF-8

{
    "location": {
        "latitude": "-38.383494",
        "longitude": "33.427362"
    },
    "accuracy": "50",
    "name": "Prabhakar",
    "phone_number": "(+91) 983 893 3937",
    "address": "Kalluru",
    "types": "",
    "website": "http: //google.com",
    "language": "English"
}
Prabhakar = Prabhakar
]]></system-out>
    <system-err><![CDATA[Sept 18, 2024 6:58:11 PM io.cucumber.core.options.CucumberPropertiesParser lambda$warnWhenCucumberOptionsIsUsed$2
WARNING: Passing commandline options via the property 'cucumber.options' is no longer supported. Please use individual properties instead. See the java doc on io.cucumber.core.options.Constants for details.
]]></system-err>
  </testcase>
  <testcase name="Verify if Place is being Succesfully added using AddPlaceAPI or not #2" classname="Validating Place APIs" time="1.741">
    <system-out><![CDATA[-----------------------------------------------
maps/api/place/add/json
Request method:	POST
Request URI:	https://rahulshettyacademy.com/maps/api/place/add/json?key=qaclick123
Proxy:			<none>
Request params:	<none>
Query params:	key=qaclick123
Form params:	<none>
Path params:	<none>
Headers:		Accept=*/*
				Content-Type=application/json
Cookies:		<none>
Multiparts:		<none>
Body:
{
    "location": {
        "lat": -38.383494,
        "lng": 33.427362
    },
    "accuracy": 50,
    "name": "Nakka",
    "phone_number": "(+91) 983 893 3937",
    "address": "Tenali",
    "types": null,
    "website": "http: //google.com",
    "language": "Telugu"
}
HTTP/1.1 200 OK
Date: Wed, 18 Sep 2024 13:28:17 GMT
Server: Apache/2.4.52 (Ubuntu)
Access-Control-Allow-Origin: *
Access-Control-Allow-Methods: POST
Access-Control-Max-Age: 3600
Access-Control-Allow-Headers: Content-Type, Access-Control-Allow-Headers, Authorization, X-Requested-With
Content-Length: 194
Keep-Alive: timeout=5, max=100
Connection: Keep-Alive
Content-Type: application/json;charset=UTF-8

{
    "status": "OK",
    "place_id": "2197b4eac6902883a9fe3066390a1467",
    "scope": "APP",
    "reference": "15ad81c6392ef25976da412fa16da1dd15ad81c6392ef25976da412fa16da1dd",
    "id": "15ad81c6392ef25976da412fa16da1dd"
}
-----------------------------------------------
maps/api/place/get/json
Request method:	GET
Request URI:	https://rahulshettyacademy.com/maps/api/place/get/json?key=qaclick123&place_id=2197b4eac6902883a9fe3066390a1467
Proxy:			<none>
Request params:	<none>
Query params:	key=qaclick123
				place_id=2197b4eac6902883a9fe3066390a1467
Form params:	<none>
Path params:	<none>
Headers:		Accept=*/*
				Content-Type=application/json
Cookies:		<none>
Multiparts:		<none>
Body:			<none>
HTTP/1.1 200 OK
Date: Wed, 18 Sep 2024 13:28:17 GMT
Server: Apache/2.4.52 (Ubuntu)
Access-Control-Allow-Origin: *
Access-Control-Allow-Methods: POST
Access-Control-Max-Age: 3600
Access-Control-Allow-Headers: Content-Type, Access-Control-Allow-Headers, Authorization, X-Requested-With
Content-Length: 212
Keep-Alive: timeout=5, max=100
Connection: Keep-Alive
Content-Type: application/json;charset=UTF-8

{
    "location": {
        "latitude": "-38.383494",
        "longitude": "33.427362"
    },
    "accuracy": "50",
    "name": "Nakka",
    "phone_number": "(+91) 983 893 3937",
    "address": "Tenali",
    "types": "",
    "website": "http: //google.com",
    "language": "Telugu"
}
Nakka = Nakka
]]></system-out>
  </testcase>
  <testcase name="Verify if Place is being Succesfully added using AddPlaceAPI or not #3" classname="Validating Place APIs" time="1.741">
    <system-out><![CDATA[-----------------------------------------------
maps/api/place/add/json
Request method:	POST
Request URI:	https://rahulshettyacademy.com/maps/api/place/add/json?key=qaclick123
Proxy:			<none>
Request params:	<none>
Query params:	key=qaclick123
Form params:	<none>
Path params:	<none>
Headers:		Accept=*/*
				Content-Type=application/json
Cookies:		<none>
Multiparts:		<none>
Body:
{
    "location": {
        "lat": -38.383494,
        "lng": 33.427362
    },
    "accuracy": 50,
    "name": "Naga",
    "phone_number": "(+91) 983 893 3937",
    "address": "Delhi",
    "types": null,
    "website": "http: //google.com",
    "language": "Hindi"
}
HTTP/1.1 200 OK
Date: Wed, 18 Sep 2024 13:28:19 GMT
Server: Apache/2.4.52 (Ubuntu)
Access-Control-Allow-Origin: *
Access-Control-Allow-Methods: POST
Access-Control-Max-Age: 3600
Access-Control-Allow-Headers: Content-Type, Access-Control-Allow-Headers, Authorization, X-Requested-With
Content-Length: 194
Keep-Alive: timeout=5, max=100
Connection: Keep-Alive
Content-Type: application/json;charset=UTF-8

{
    "status": "OK",
    "place_id": "98f6226cec71d40a80010200acb76a7c",
    "scope": "APP",
    "reference": "42c51c03b0b83e6db02007b7bc55125242c51c03b0b83e6db02007b7bc551252",
    "id": "42c51c03b0b83e6db02007b7bc551252"
}
-----------------------------------------------
maps/api/place/get/json
Request method:	GET
Request URI:	https://rahulshettyacademy.com/maps/api/place/get/json?key=qaclick123&place_id=98f6226cec71d40a80010200acb76a7c
Proxy:			<none>
Request params:	<none>
Query params:	key=qaclick123
				place_id=98f6226cec71d40a80010200acb76a7c
Form params:	<none>
Path params:	<none>
Headers:		Accept=*/*
				Content-Type=application/json
Cookies:		<none>
Multiparts:		<none>
Body:			<none>
HTTP/1.1 200 OK
Date: Wed, 18 Sep 2024 13:28:19 GMT
Server: Apache/2.4.52 (Ubuntu)
Access-Control-Allow-Origin: *
Access-Control-Allow-Methods: POST
Access-Control-Max-Age: 3600
Access-Control-Allow-Headers: Content-Type, Access-Control-Allow-Headers, Authorization, X-Requested-With
Content-Length: 209
Keep-Alive: timeout=5, max=100
Connection: Keep-Alive
Content-Type: application/json;charset=UTF-8

{
    "location": {
        "latitude": "-38.383494",
        "longitude": "33.427362"
    },
    "accuracy": "50",
    "name": "Naga",
    "phone_number": "(+91) 983 893 3937",
    "address": "Delhi",
    "types": "",
    "website": "http: //google.com",
    "language": "Hindi"
}
Naga = Naga
]]></system-out>
  </testcase>
  <testcase name="Verify if Delete Place Functunality working or not" classname="Validating Place APIs" time="1.592">
    <system-out><![CDATA[-----------------------------------------------
maps/api/place/delete/json
Request method:	DELETE
Request URI:	https://rahulshettyacademy.com/maps/api/place/delete/json?key=qaclick123
Proxy:			<none>
Request params:	<none>
Query params:	key=qaclick123
Form params:	<none>
Path params:	<none>
Headers:		Accept=*/*
				Content-Type=application/json
Cookies:		<none>
Multiparts:		<none>
Body:
{
    "place_id": "98f6226cec71d40a80010200acb76a7c"
}
HTTP/1.1 200 OK
Date: Wed, 18 Sep 2024 13:28:20 GMT
Server: Apache/2.4.52 (Ubuntu)
Access-Control-Allow-Origin: *
Access-Control-Allow-Methods: POST
Access-Control-Max-Age: 3600
Access-Control-Allow-Headers: Content-Type, Access-Control-Allow-Headers, Authorization, X-Requested-With
Content-Length: 15
Keep-Alive: timeout=5, max=100
Connection: Keep-Alive
Content-Type: application/json;charset=UTF-8

{
    "status": "OK"
}
]]></system-out>
  </testcase>
</testsuite>